


ARM Macro Assembler    Page 1 


    1 00000000         ;/******************************************************
                       ************************
    2 00000000         ; * @file     startup_M2003J.s
    3 00000000         ; * @version  V1.00
    4 00000000         ; * @brief    CMSIS Cortex-M Core Device Startup File fo
                       r M2003J
    5 00000000         ; *
    6 00000000         ; * SPDX-License-Identifier: Apache-2.0
    7 00000000         ; * @copyright (C) 2017-2020 Nuvoton Technology Corp. Al
                       l rights reserved.
    8 00000000         ;*******************************************************
                       **********************/
    9 00000000         ;/*
   10 00000000         ;//-------- <<< Use Configuration Wizard in Context Menu
                        >>> ------------------
   11 00000000         ;*/
   12 00000000         
   13 00000000         
   14 00000000         ; <h> Stack Configuration
   15 00000000         ;   <o> Stack Size (in Bytes) <0x0-0xFFFFFFFF:8>
   16 00000000         ; </h>
   17 00000000         
   18 00000000                 IF               :LNOT: :DEF: Stack_Size
   20                          ENDIF
   21 00000000         
   22 00000000                 AREA             STACK, NOINIT, READWRITE, ALIGN
=3
   23 00000000         Stack_Mem
                               SPACE            Stack_Size
   24 00000400         __initial_sp
   25 00000400         
   26 00000400         
   27 00000400         ; <h> Heap Configuration
   28 00000400         ;   <o>  Heap Size (in Bytes) <0x0-0xFFFFFFFF:8>
   29 00000400         ; </h>
   30 00000400         
   31 00000400                 IF               :LNOT: :DEF: Heap_Size
   33                          ENDIF
   34 00000400         
   35 00000400                 AREA             HEAP, NOINIT, READWRITE, ALIGN=
3
   36 00000000         __heap_base
   37 00000000         Heap_Mem
                               SPACE            Heap_Size
   38 00000100         __heap_limit
   39 00000100         
   40 00000100         
   41 00000100                 PRESERVE8
   42 00000100                 THUMB
   43 00000100         
   44 00000100         
   45 00000100         ; Vector Table Mapped to Address 0 at Reset
   46 00000100         
   47 00000100                 AREA             RESET, DATA, READONLY
   48 00000000                 EXPORT           __Vectors
   49 00000000                 EXPORT           __Vectors_End
   50 00000000                 EXPORT           __Vectors_Size
   51 00000000         
   52 00000000 00000000 



ARM Macro Assembler    Page 2 


                       __Vectors
                               DCD              __initial_sp ; Top of Stack
   53 00000004 00000000        DCD              Reset_Handler ; Reset Handler
   54 00000008 00000000        DCD              NMI_Handler ; NMI Handler
   55 0000000C 00000000        DCD              HardFault_Handler ; Hard Fault 
                                                            Handler
   56 00000010 00000000        DCD              MemManage_Handler 
                                                            ; MPU Fault Handler
                                                            
   57 00000014 00000000        DCD              BusFault_Handler 
                                                            ; Bus Fault Handler
                                                            
   58 00000018 00000000        DCD              UsageFault_Handler ; Usage Faul
                                                            t Handler
   59 0000001C 00000000        DCD              0           ; Reserved
   60 00000020 00000000        DCD              0           ; Reserved
   61 00000024 00000000        DCD              0           ; Reserved
   62 00000028 00000000        DCD              0           ; Reserved
   63 0000002C 00000000        DCD              SVC_Handler ; SVCall Handler
   64 00000030 00000000        DCD              DebugMon_Handler ; Debug Monito
                                                            r Handler
   65 00000034 00000000        DCD              0           ; Reserved
   66 00000038 00000000        DCD              PendSV_Handler ; PendSV Handler
                                                            
   67 0000003C 00000000        DCD              SysTick_Handler 
                                                            ; SysTick Handler
   68 00000040         
   69 00000040         ; External Interrupts
   70 00000040 00000000        DCD              BOD_IRQHandler ; 0: Brown Out d
                                                            etection
   71 00000044 00000000        DCD              IRC_IRQHandler ; 1: Internal RC
                                                             Trim
   72 00000048 00000000        DCD              PWRWU_IRQHandler ; 2: Power dow
                                                            n wake up
   73 0000004C 00000000        DCD              SR0ECC_Handler ; 3: SRAM0 error
                                                             correcting code
   74 00000050 00000000        DCD              CLKFAIL_IRQHandler ; 4: Clock d
                                                            etection fail
   75 00000054 00000000        DCD              FMC_IRQHandler ; 5: FMC(ISP)
   76 00000058 00000000        DCD              RTC_IRQHandler ; 6: Real Time C
                                                            lock
   77 0000005C 00000000        DCD              SR1ECC_Handler ; 7: SRAM1 error
                                                             correcting code
   78 00000060 00000000        DCD              WDT_IRQHandler 
                                                            ; 8: Watchdog timer
                                                            
   79 00000064 00000000        DCD              WWDT_IRQHandler ; 9: Window wat
                                                            chdog timer
   80 00000068 00000000        DCD              EINT0_IRQHandler ; 10: External
                                                             Input 0
   81 0000006C 00000000        DCD              EINT1_IRQHandler ; 11: External
                                                             Input 1
   82 00000070 00000000        DCD              EINT2_IRQHandler ; 12: External
                                                             Input 2
   83 00000074 00000000        DCD              EINT3_IRQHandler ; 13: External
                                                             Input 3
   84 00000078 00000000        DCD              EINT4_IRQHandler ; 14: External
                                                             Input 4
   85 0000007C 00000000        DCD              EINT5_IRQHandler ; 15: External



ARM Macro Assembler    Page 3 


                                                             Input 5
   86 00000080 00000000        DCD              GPA_IRQHandler 
                                                            ; 16: GPIO Port A
   87 00000084 00000000        DCD              GPB_IRQHandler 
                                                            ; 17: GPIO Port B
   88 00000088 00000000        DCD              GPC_IRQHandler 
                                                            ; 18: GPIO Port C
   89 0000008C 00000000        DCD              GPD_IRQHandler 
                                                            ; 19: GPIO Port D
   90 00000090 00000000        DCD              GPE_IRQHandler 
                                                            ; 20: GPIO Port E
   91 00000094 00000000        DCD              GPF_IRQHandler 
                                                            ; 21: GPIO Port F
   92 00000098 00000000        DCD              Default_Handler ; 22:
   93 0000009C 00000000        DCD              Default_Handler ; 23:
   94 000000A0 00000000        DCD              Default_Handler ; 24:
   95 000000A4 00000000        DCD              Default_Handler ; 25:
   96 000000A8 00000000        DCD              Default_Handler ; 26:
   97 000000AC 00000000        DCD              Default_Handler ; 27:
   98 000000B0 00000000        DCD              Default_Handler ; 28:
   99 000000B4 00000000        DCD              Default_Handler ; 29:
  100 000000B8 00000000        DCD              Default_Handler ; 30:
  101 000000BC 00000000        DCD              Default_Handler ; 31:
  102 000000C0 00000000        DCD              TMR0_IRQHandler ; 32: Timer 0
  103 000000C4 00000000        DCD              TMR1_IRQHandler ; 33: Timer 1
  104 000000C8 00000000        DCD              TMR2_IRQHandler ; 34: Timer 2
  105 000000CC 00000000        DCD              TMR3_IRQHandler ; 35: Timer 3
  106 000000D0 00000000        DCD              UART0_IRQHandler ; 36: UART0
  107 000000D4 00000000        DCD              UART1_IRQHandler ; 37: UART1
  108 000000D8 00000000        DCD              I2C0_IRQHandler ; 38: I2C0
  109 000000DC 00000000        DCD              I2C1_IRQHandler ; 39: I2C1
  110 000000E0 00000000        DCD              PDMA_IRQHandler ; 40: Periphera
                                                            l DMA
  111 000000E4 00000000        DCD              Default_Handler ; 41:
  112 000000E8 00000000        DCD              ADC_IRQHandler 
                                                            ; 42: ADC interrupt
                                                            
  113 000000EC 00000000        DCD              Default_Handler ; 43:
  114 000000F0 00000000        DCD              ACMP01_IRQHandler ; 44: ACMP0 a
                                                            nd ACMP1
  115 000000F4 00000000        DCD              Default_Handler ; 45:
  116 000000F8 00000000        DCD              Default_Handler ; 46:
  117 000000FC 00000000        DCD              Default_Handler ; 47:
  118 00000100 00000000        DCD              UART2_IRQHandler ; 48: UART2
  119 00000104 00000000        DCD              UART3_IRQHandler ; 49: UART3
  120 00000108 00000000        DCD              Default_Handler ; 50:
  121 0000010C 00000000        DCD              Default_Handler ; 51:
  122 00000110 00000000        DCD              USCI0_IRQHandler ; 52: USCI0
  123 00000114 00000000        DCD              USCI1_IRQHandler ; 53: USCI1
  124 00000118 00000000        DCD              Default_Handler ; 54:
  125 0000011C 00000000        DCD              Default_Handler ; 55:
  126 00000120 00000000        DCD              Default_Handler ; 56:
  127 00000124 00000000        DCD              CRC_IRQHandler ; 57: CRC
  128 00000128 00000000        DCD              Default_Handler ; 58:
  129 0000012C 00000000        DCD              Default_Handler ; 59:
  130 00000130 00000000        DCD              Default_Handler ; 60:
  131 00000134 00000000        DCD              USCI2_IRQHandler ; 61: USCI2
  132 00000138 00000000        DCD              USCI3_IRQHandler ; 62: USCI3
  133 0000013C 00000000        DCD              USCI4_IRQHandler ; 63: USCI4



ARM Macro Assembler    Page 4 


  134 00000140 00000000        DCD              TMR4_IRQHandler ; 64: Timer 4
  135 00000144 00000000        DCD              TMR5_IRQHandler ; 65: Timer 5
  136 00000148 00000000        DCD              TMR6_IRQHandler ; 66: Timer 6
  137 0000014C 00000000        DCD              TMR7_IRQHandler ; 67: Timer 7
  138 00000150 00000000        DCD              TMR8_IRQHandler ; 68: Timer 8
  139 00000154 00000000        DCD              Default_Handler ; 69:
  140 00000158 00000000        DCD              Default_Handler ; 70:
  141 0000015C 00000000        DCD              Default_Handler ; 71:
  142 00000160 00000000        DCD              GPG_IRQHandler 
                                                            ; 72: GPIO Port G
  143 00000164 00000000        DCD              Default_Handler ; 73:
  144 00000168 00000000        DCD              UART4_IRQHandler ; 74: UART4
  145 0000016C 00000000        DCD              Default_Handler ; 75:
  146 00000170 00000000        DCD              Default_Handler ; 76:
  147 00000174 00000000        DCD              BPWM0_IRQHandler ; 77: BPWM0
  148 00000178 00000000        DCD              BPWM1_IRQHandler ; 78: BPWM1
  149 0000017C 00000000        DCD              Default_Handler ; 79:
  150 00000180 00000000        DCD              Default_Handler ; 80:
  151 00000184 00000000        DCD              DFMC_IRQHandler ; 81: DFMC
  152 00000188 00000000        DCD              I2C2_IRQHandler ; 82: I2C2
  153 0000018C 00000000        DCD              Default_Handler ; 83:
  154 00000190 00000000        DCD              Default_Handler ; 84:
  155 00000194 00000000        DCD              Default_Handler ; 85:
  156 00000198 00000000        DCD              Default_Handler ; 86:
  157 0000019C         
  158 0000019C         __Vectors_End
  159 0000019C         
  160 0000019C 0000019C 
                       __Vectors_Size
                               EQU              __Vectors_End - __Vectors
  161 0000019C         
  162 0000019C                 AREA             |.text|, CODE, READONLY
  163 00000000         
  164 00000000         
  165 00000000         ; Reset Handler
  166 00000000         
  167 00000000         Reset_Handler
                               PROC
  168 00000000                 EXPORT           Reset_Handler             [WEAK
]
  169 00000000                 IMPORT           SystemInit
  170 00000000                 IMPORT           __main
  171 00000000         
  172 00000000 480F            LDR              R0, =0x40000100
  173 00000002         ; Unlock Register
  174 00000002         
  175 00000002 F240 0159       LDR              R1, =0x59
  176 00000006 6001            STR              R1, [R0]
  177 00000008 F240 0116       LDR              R1, =0x16
  178 0000000C 6001            STR              R1, [R0]
  179 0000000E F240 0188       LDR              R1, =0x88
  180 00000012 6001            STR              R1, [R0]
  181 00000014         
  182 00000014         ; enable SRAM1
  183 00000014 4B0B            LDR              R3, =0x40000204
  184 00000016 6819            LDR              R1, [R3]
  185 00000018 F240 2200       MOVW             R2, #0x200
  186 0000001C 4311            ORRS             R1,R1,R2
  187 0000001E 6019            STR              R1, [R3]



ARM Macro Assembler    Page 5 


  188 00000020         
  189 00000020         
  190 00000020         ; Lock register
  191 00000020 2100            MOVS             R1, #0
  192 00000022 6001            STR              R1, [R0]
  193 00000024         
  194 00000024 4808            LDR              R0, =SystemInit
  195 00000026 4780            BLX              R0
  196 00000028 4808            LDR              R0, =__main
  197 0000002A 4700            BX               R0
  198 0000002C         
  199 0000002C                 ENDP
  200 0000002C         
  201 0000002C         
  202 0000002C         ; Dummy Exception Handlers (infinite loops which can be 
                       modified)
  203 0000002C         
  204 0000002C         NMI_Handler
                               PROC
  205 0000002C                 EXPORT           NMI_Handler               [WEAK
]
  206 0000002C E7FE            B                .
  207 0000002E                 ENDP
  209 0000002E         HardFault_Handler
                               PROC
  210 0000002E                 EXPORT           HardFault_Handler         [WEAK
]
  211 0000002E E7FE            B                .
  212 00000030                 ENDP
  214 00000030         MemManage_Handler
                               PROC
  215 00000030                 EXPORT           MemManage_Handler         [WEAK
]
  216 00000030 E7FE            B                .
  217 00000032                 ENDP
  219 00000032         BusFault_Handler
                               PROC
  220 00000032                 EXPORT           BusFault_Handler          [WEAK
]
  221 00000032 E7FE            B                .
  222 00000034                 ENDP
  224 00000034         UsageFault_Handler
                               PROC
  225 00000034                 EXPORT           UsageFault_Handler        [WEAK
]
  226 00000034 E7FE            B                .
  227 00000036                 ENDP
  228 00000036         SVC_Handler
                               PROC
  229 00000036                 EXPORT           SVC_Handler               [WEAK
]
  230 00000036 E7FE            B                .
  231 00000038                 ENDP
  233 00000038         DebugMon_Handler
                               PROC
  234 00000038                 EXPORT           DebugMon_Handler          [WEAK
]
  235 00000038 E7FE            B                .
  236 0000003A                 ENDP



ARM Macro Assembler    Page 6 


  238 0000003A         PendSV_Handler
                               PROC
  239 0000003A                 EXPORT           PendSV_Handler            [WEAK
]
  240 0000003A E7FE            B                .
  241 0000003C                 ENDP
  243 0000003C         SysTick_Handler
                               PROC
  244 0000003C                 EXPORT           SysTick_Handler           [WEAK
]
  245 0000003C E7FE            B                .
  246 0000003E                 ENDP
  247 0000003E         
  248 0000003E         Default_Handler
                               PROC
  249 0000003E         
  250 0000003E                 EXPORT           BOD_IRQHandler           [WEAK]
  251 0000003E                 EXPORT           IRC_IRQHandler           [WEAK]
  252 0000003E                 EXPORT           PWRWU_IRQHandler         [WEAK]
  253 0000003E                 EXPORT           SR0ECC_Handler           [WEAK]
  254 0000003E                 EXPORT           CLKFAIL_IRQHandler       [WEAK]
  255 0000003E                 EXPORT           FMC_IRQHandler           [WEAK]
  256 0000003E                 EXPORT           RTC_IRQHandler           [WEAK]
  257 0000003E                 EXPORT           SR1ECC_Handler           [WEAK]
  258 0000003E                 EXPORT           WDT_IRQHandler           [WEAK]
  259 0000003E                 EXPORT           WWDT_IRQHandler          [WEAK]
  260 0000003E                 EXPORT           EINT0_IRQHandler         [WEAK]
  261 0000003E                 EXPORT           EINT1_IRQHandler         [WEAK]
  262 0000003E                 EXPORT           EINT2_IRQHandler         [WEAK]
  263 0000003E                 EXPORT           EINT3_IRQHandler         [WEAK]
  264 0000003E                 EXPORT           EINT4_IRQHandler         [WEAK]
  265 0000003E                 EXPORT           EINT5_IRQHandler         [WEAK]
  266 0000003E                 EXPORT           GPA_IRQHandler           [WEAK]
  267 0000003E                 EXPORT           GPB_IRQHandler           [WEAK]
  268 0000003E                 EXPORT           GPC_IRQHandler           [WEAK]
  269 0000003E                 EXPORT           GPD_IRQHandler           [WEAK]
  270 0000003E                 EXPORT           GPE_IRQHandler           [WEAK]
  271 0000003E                 EXPORT           GPF_IRQHandler           [WEAK]
  272 0000003E                 EXPORT           TMR0_IRQHandler          [WEAK]
  273 0000003E                 EXPORT           TMR1_IRQHandler          [WEAK]
  274 0000003E                 EXPORT           TMR2_IRQHandler          [WEAK]
  275 0000003E                 EXPORT           TMR3_IRQHandler          [WEAK]
  276 0000003E                 EXPORT           UART0_IRQHandler         [WEAK]
  277 0000003E                 EXPORT           UART1_IRQHandler         [WEAK]
  278 0000003E                 EXPORT           I2C0_IRQHandler          [WEAK]
  279 0000003E                 EXPORT           I2C1_IRQHandler          [WEAK]
  280 0000003E                 EXPORT           PDMA_IRQHandler          [WEAK]
  281 0000003E                 EXPORT           ADC_IRQHandler           [WEAK]
  282 0000003E                 EXPORT           ACMP01_IRQHandler        [WEAK]
  283 0000003E                 EXPORT           UART2_IRQHandler         [WEAK]
  284 0000003E                 EXPORT           UART3_IRQHandler         [WEAK]
  285 0000003E                 EXPORT           USCI0_IRQHandler         [WEAK]
  286 0000003E                 EXPORT           USCI1_IRQHandler         [WEAK]
  287 0000003E                 EXPORT           USCI2_IRQHandler         [WEAK]
  288 0000003E                 EXPORT           USCI3_IRQHandler         [WEAK]
  289 0000003E                 EXPORT           USCI4_IRQHandler         [WEAK]
  290 0000003E                 EXPORT           TMR4_IRQHandler          [WEAK]
  291 0000003E                 EXPORT           TMR5_IRQHandler          [WEAK]
  292 0000003E                 EXPORT           TMR6_IRQHandler          [WEAK]



ARM Macro Assembler    Page 7 


  293 0000003E                 EXPORT           TMR7_IRQHandler          [WEAK]
  294 0000003E                 EXPORT           TMR8_IRQHandler          [WEAK]
  295 0000003E                 EXPORT           GPG_IRQHandler           [WEAK]
  296 0000003E                 EXPORT           UART4_IRQHandler         [WEAK]
  297 0000003E                 EXPORT           BPWM0_IRQHandler         [WEAK]
  298 0000003E                 EXPORT           BPWM1_IRQHandler         [WEAK]
  299 0000003E                 EXPORT           DFMC_IRQHandler          [WEAK]
  300 0000003E                 EXPORT           I2C2_IRQHandler          [WEAK]
  301 0000003E                 EXPORT           CRC_IRQHandler           [WEAK]
  302 0000003E         
  303 0000003E         BOD_IRQHandler
  304 0000003E         IRC_IRQHandler
  305 0000003E         PWRWU_IRQHandler
  306 0000003E         SR0ECC_Handler
  307 0000003E         CLKFAIL_IRQHandler
  308 0000003E         FMC_IRQHandler
  309 0000003E         RTC_IRQHandler
  310 0000003E         SR1ECC_Handler
  311 0000003E         WDT_IRQHandler
  312 0000003E         WWDT_IRQHandler
  313 0000003E         EINT0_IRQHandler
  314 0000003E         EINT1_IRQHandler
  315 0000003E         EINT2_IRQHandler
  316 0000003E         EINT3_IRQHandler
  317 0000003E         EINT4_IRQHandler
  318 0000003E         EINT5_IRQHandler
  319 0000003E         GPA_IRQHandler
  320 0000003E         GPB_IRQHandler
  321 0000003E         GPC_IRQHandler
  322 0000003E         GPD_IRQHandler
  323 0000003E         GPE_IRQHandler
  324 0000003E         GPF_IRQHandler
  325 0000003E         TMR0_IRQHandler
  326 0000003E         TMR1_IRQHandler
  327 0000003E         TMR2_IRQHandler
  328 0000003E         TMR3_IRQHandler
  329 0000003E         UART0_IRQHandler
  330 0000003E         UART1_IRQHandler
  331 0000003E         I2C0_IRQHandler
  332 0000003E         I2C1_IRQHandler
  333 0000003E         PDMA_IRQHandler
  334 0000003E         ADC_IRQHandler
  335 0000003E         ACMP01_IRQHandler
  336 0000003E         UART2_IRQHandler
  337 0000003E         UART3_IRQHandler
  338 0000003E         USCI0_IRQHandler
  339 0000003E         USCI1_IRQHandler
  340 0000003E         USCI2_IRQHandler
  341 0000003E         USCI3_IRQHandler
  342 0000003E         USCI4_IRQHandler
  343 0000003E         TMR4_IRQHandler
  344 0000003E         TMR5_IRQHandler
  345 0000003E         TMR6_IRQHandler
  346 0000003E         TMR7_IRQHandler
  347 0000003E         TMR8_IRQHandler
  348 0000003E         GPG_IRQHandler
  349 0000003E         UART4_IRQHandler
  350 0000003E         BPWM0_IRQHandler
  351 0000003E         BPWM1_IRQHandler



ARM Macro Assembler    Page 8 


  352 0000003E         DFMC_IRQHandler
  353 0000003E         I2C2_IRQHandler
  354 0000003E         CRC_IRQHandler
  355 0000003E         
  356 0000003E E7FE            B                .
  357 00000040                 ENDP
  358 00000040         
  359 00000040         
  360 00000040                 ALIGN
  361 00000040         
  362 00000040         
  363 00000040         ; User Initial Stack & Heap
  364 00000040         
  365 00000040                 IF               :DEF:__MICROLIB
  366 00000040         
  367 00000040                 EXPORT           __initial_sp
  368 00000040                 EXPORT           __heap_base
  369 00000040                 EXPORT           __heap_limit
  370 00000040         
  371 00000040                 ELSE
  386                          ENDIF
  387 00000040         
  388 00000040                 END
              40000100 
              40000204 
              00000000 
              00000000 
Command Line: --debug --xref --diag_suppress=9931,A1950W --cpu=Cortex-M23 --dep
end=.\obj\startup_m2003j_isp.d -o.\obj\startup_m2003j_isp.o -IC:\Keil_v540\ARM\
Packs\Nuvoton\NuMicroM23_DFP\1.0.6\Device\M2003\Include -IC:\Keil_v540\ARM\CMSI
S\Include --predefine="__MICROLIB SETA 1" --predefine="__UVISION_VERSION SETA 5
40" --list=.\lst\startup_m2003j_isp.lst ..\startup_M2003J_isp.s



ARM Macro Assembler    Page 1 Alphabetic symbol ordering
Relocatable symbols

STACK 00000000

Symbol: STACK
   Definitions
      At line 22 in file ..\startup_M2003J_isp.s
   Uses
      None
Comment: STACK unused
Stack_Mem 00000000

Symbol: Stack_Mem
   Definitions
      At line 23 in file ..\startup_M2003J_isp.s
   Uses
      None
Comment: Stack_Mem unused
__initial_sp 00000400

Symbol: __initial_sp
   Definitions
      At line 24 in file ..\startup_M2003J_isp.s
   Uses
      At line 52 in file ..\startup_M2003J_isp.s
      At line 367 in file ..\startup_M2003J_isp.s

3 symbols



ARM Macro Assembler    Page 1 Alphabetic symbol ordering
Relocatable symbols

HEAP 00000000

Symbol: HEAP
   Definitions
      At line 35 in file ..\startup_M2003J_isp.s
   Uses
      None
Comment: HEAP unused
Heap_Mem 00000000

Symbol: Heap_Mem
   Definitions
      At line 37 in file ..\startup_M2003J_isp.s
   Uses
      None
Comment: Heap_Mem unused
__heap_base 00000000

Symbol: __heap_base
   Definitions
      At line 36 in file ..\startup_M2003J_isp.s
   Uses
      At line 368 in file ..\startup_M2003J_isp.s
Comment: __heap_base used once
__heap_limit 00000100

Symbol: __heap_limit
   Definitions
      At line 38 in file ..\startup_M2003J_isp.s
   Uses
      At line 369 in file ..\startup_M2003J_isp.s
Comment: __heap_limit used once
4 symbols



ARM Macro Assembler    Page 1 Alphabetic symbol ordering
Relocatable symbols

RESET 00000000

Symbol: RESET
   Definitions
      At line 47 in file ..\startup_M2003J_isp.s
   Uses
      None
Comment: RESET unused
__Vectors 00000000

Symbol: __Vectors
   Definitions
      At line 52 in file ..\startup_M2003J_isp.s
   Uses
      At line 48 in file ..\startup_M2003J_isp.s
      At line 160 in file ..\startup_M2003J_isp.s

__Vectors_End 0000019C

Symbol: __Vectors_End
   Definitions
      At line 158 in file ..\startup_M2003J_isp.s
   Uses
      At line 49 in file ..\startup_M2003J_isp.s
      At line 160 in file ..\startup_M2003J_isp.s

3 symbols



ARM Macro Assembler    Page 1 Alphabetic symbol ordering
Relocatable symbols

.text 00000000

Symbol: .text
   Definitions
      At line 162 in file ..\startup_M2003J_isp.s
   Uses
      None
Comment: .text unused
ACMP01_IRQHandler 0000003E

Symbol: ACMP01_IRQHandler
   Definitions
      At line 335 in file ..\startup_M2003J_isp.s
   Uses
      At line 114 in file ..\startup_M2003J_isp.s
      At line 282 in file ..\startup_M2003J_isp.s

ADC_IRQHandler 0000003E

Symbol: ADC_IRQHandler
   Definitions
      At line 334 in file ..\startup_M2003J_isp.s
   Uses
      At line 112 in file ..\startup_M2003J_isp.s
      At line 281 in file ..\startup_M2003J_isp.s

BOD_IRQHandler 0000003E

Symbol: BOD_IRQHandler
   Definitions
      At line 303 in file ..\startup_M2003J_isp.s
   Uses
      At line 70 in file ..\startup_M2003J_isp.s
      At line 250 in file ..\startup_M2003J_isp.s

BPWM0_IRQHandler 0000003E

Symbol: BPWM0_IRQHandler
   Definitions
      At line 350 in file ..\startup_M2003J_isp.s
   Uses
      At line 147 in file ..\startup_M2003J_isp.s
      At line 297 in file ..\startup_M2003J_isp.s

BPWM1_IRQHandler 0000003E

Symbol: BPWM1_IRQHandler
   Definitions
      At line 351 in file ..\startup_M2003J_isp.s
   Uses
      At line 148 in file ..\startup_M2003J_isp.s
      At line 298 in file ..\startup_M2003J_isp.s

BusFault_Handler 00000032

Symbol: BusFault_Handler
   Definitions
      At line 219 in file ..\startup_M2003J_isp.s
   Uses



ARM Macro Assembler    Page 2 Alphabetic symbol ordering
Relocatable symbols

      At line 57 in file ..\startup_M2003J_isp.s
      At line 220 in file ..\startup_M2003J_isp.s

CLKFAIL_IRQHandler 0000003E

Symbol: CLKFAIL_IRQHandler
   Definitions
      At line 307 in file ..\startup_M2003J_isp.s
   Uses
      At line 74 in file ..\startup_M2003J_isp.s
      At line 254 in file ..\startup_M2003J_isp.s

CRC_IRQHandler 0000003E

Symbol: CRC_IRQHandler
   Definitions
      At line 354 in file ..\startup_M2003J_isp.s
   Uses
      At line 127 in file ..\startup_M2003J_isp.s
      At line 301 in file ..\startup_M2003J_isp.s

DFMC_IRQHandler 0000003E

Symbol: DFMC_IRQHandler
   Definitions
      At line 352 in file ..\startup_M2003J_isp.s
   Uses
      At line 151 in file ..\startup_M2003J_isp.s
      At line 299 in file ..\startup_M2003J_isp.s

DebugMon_Handler 00000038

Symbol: DebugMon_Handler
   Definitions
      At line 233 in file ..\startup_M2003J_isp.s
   Uses
      At line 64 in file ..\startup_M2003J_isp.s
      At line 234 in file ..\startup_M2003J_isp.s

Default_Handler 0000003E

Symbol: Default_Handler
   Definitions
      At line 248 in file ..\startup_M2003J_isp.s
   Uses
      At line 92 in file ..\startup_M2003J_isp.s
      At line 93 in file ..\startup_M2003J_isp.s
      At line 94 in file ..\startup_M2003J_isp.s
      At line 95 in file ..\startup_M2003J_isp.s
      At line 96 in file ..\startup_M2003J_isp.s
      At line 97 in file ..\startup_M2003J_isp.s
      At line 98 in file ..\startup_M2003J_isp.s
      At line 99 in file ..\startup_M2003J_isp.s
      At line 100 in file ..\startup_M2003J_isp.s
      At line 101 in file ..\startup_M2003J_isp.s
      At line 111 in file ..\startup_M2003J_isp.s
      At line 113 in file ..\startup_M2003J_isp.s
      At line 115 in file ..\startup_M2003J_isp.s
      At line 116 in file ..\startup_M2003J_isp.s



ARM Macro Assembler    Page 3 Alphabetic symbol ordering
Relocatable symbols

      At line 117 in file ..\startup_M2003J_isp.s
      At line 120 in file ..\startup_M2003J_isp.s
      At line 121 in file ..\startup_M2003J_isp.s
      At line 124 in file ..\startup_M2003J_isp.s
      At line 125 in file ..\startup_M2003J_isp.s
      At line 126 in file ..\startup_M2003J_isp.s
      At line 128 in file ..\startup_M2003J_isp.s
      At line 129 in file ..\startup_M2003J_isp.s
      At line 130 in file ..\startup_M2003J_isp.s
      At line 139 in file ..\startup_M2003J_isp.s
      At line 140 in file ..\startup_M2003J_isp.s
      At line 141 in file ..\startup_M2003J_isp.s
      At line 143 in file ..\startup_M2003J_isp.s
      At line 145 in file ..\startup_M2003J_isp.s
      At line 146 in file ..\startup_M2003J_isp.s
      At line 149 in file ..\startup_M2003J_isp.s
      At line 150 in file ..\startup_M2003J_isp.s
      At line 153 in file ..\startup_M2003J_isp.s
      At line 154 in file ..\startup_M2003J_isp.s
      At line 155 in file ..\startup_M2003J_isp.s
      At line 156 in file ..\startup_M2003J_isp.s

EINT0_IRQHandler 0000003E

Symbol: EINT0_IRQHandler
   Definitions
      At line 313 in file ..\startup_M2003J_isp.s
   Uses
      At line 80 in file ..\startup_M2003J_isp.s
      At line 260 in file ..\startup_M2003J_isp.s

EINT1_IRQHandler 0000003E

Symbol: EINT1_IRQHandler
   Definitions
      At line 314 in file ..\startup_M2003J_isp.s
   Uses
      At line 81 in file ..\startup_M2003J_isp.s
      At line 261 in file ..\startup_M2003J_isp.s

EINT2_IRQHandler 0000003E

Symbol: EINT2_IRQHandler
   Definitions
      At line 315 in file ..\startup_M2003J_isp.s
   Uses
      At line 82 in file ..\startup_M2003J_isp.s
      At line 262 in file ..\startup_M2003J_isp.s

EINT3_IRQHandler 0000003E

Symbol: EINT3_IRQHandler
   Definitions
      At line 316 in file ..\startup_M2003J_isp.s
   Uses
      At line 83 in file ..\startup_M2003J_isp.s
      At line 263 in file ..\startup_M2003J_isp.s

EINT4_IRQHandler 0000003E



ARM Macro Assembler    Page 4 Alphabetic symbol ordering
Relocatable symbols


Symbol: EINT4_IRQHandler
   Definitions
      At line 317 in file ..\startup_M2003J_isp.s
   Uses
      At line 84 in file ..\startup_M2003J_isp.s
      At line 264 in file ..\startup_M2003J_isp.s

EINT5_IRQHandler 0000003E

Symbol: EINT5_IRQHandler
   Definitions
      At line 318 in file ..\startup_M2003J_isp.s
   Uses
      At line 85 in file ..\startup_M2003J_isp.s
      At line 265 in file ..\startup_M2003J_isp.s

FMC_IRQHandler 0000003E

Symbol: FMC_IRQHandler
   Definitions
      At line 308 in file ..\startup_M2003J_isp.s
   Uses
      At line 75 in file ..\startup_M2003J_isp.s
      At line 255 in file ..\startup_M2003J_isp.s

GPA_IRQHandler 0000003E

Symbol: GPA_IRQHandler
   Definitions
      At line 319 in file ..\startup_M2003J_isp.s
   Uses
      At line 86 in file ..\startup_M2003J_isp.s
      At line 266 in file ..\startup_M2003J_isp.s

GPB_IRQHandler 0000003E

Symbol: GPB_IRQHandler
   Definitions
      At line 320 in file ..\startup_M2003J_isp.s
   Uses
      At line 87 in file ..\startup_M2003J_isp.s
      At line 267 in file ..\startup_M2003J_isp.s

GPC_IRQHandler 0000003E

Symbol: GPC_IRQHandler
   Definitions
      At line 321 in file ..\startup_M2003J_isp.s
   Uses
      At line 88 in file ..\startup_M2003J_isp.s
      At line 268 in file ..\startup_M2003J_isp.s

GPD_IRQHandler 0000003E

Symbol: GPD_IRQHandler
   Definitions
      At line 322 in file ..\startup_M2003J_isp.s
   Uses



ARM Macro Assembler    Page 5 Alphabetic symbol ordering
Relocatable symbols

      At line 89 in file ..\startup_M2003J_isp.s
      At line 269 in file ..\startup_M2003J_isp.s

GPE_IRQHandler 0000003E

Symbol: GPE_IRQHandler
   Definitions
      At line 323 in file ..\startup_M2003J_isp.s
   Uses
      At line 90 in file ..\startup_M2003J_isp.s
      At line 270 in file ..\startup_M2003J_isp.s

GPF_IRQHandler 0000003E

Symbol: GPF_IRQHandler
   Definitions
      At line 324 in file ..\startup_M2003J_isp.s
   Uses
      At line 91 in file ..\startup_M2003J_isp.s
      At line 271 in file ..\startup_M2003J_isp.s

GPG_IRQHandler 0000003E

Symbol: GPG_IRQHandler
   Definitions
      At line 348 in file ..\startup_M2003J_isp.s
   Uses
      At line 142 in file ..\startup_M2003J_isp.s
      At line 295 in file ..\startup_M2003J_isp.s

HardFault_Handler 0000002E

Symbol: HardFault_Handler
   Definitions
      At line 209 in file ..\startup_M2003J_isp.s
   Uses
      At line 55 in file ..\startup_M2003J_isp.s
      At line 210 in file ..\startup_M2003J_isp.s

I2C0_IRQHandler 0000003E

Symbol: I2C0_IRQHandler
   Definitions
      At line 331 in file ..\startup_M2003J_isp.s
   Uses
      At line 108 in file ..\startup_M2003J_isp.s
      At line 278 in file ..\startup_M2003J_isp.s

I2C1_IRQHandler 0000003E

Symbol: I2C1_IRQHandler
   Definitions
      At line 332 in file ..\startup_M2003J_isp.s
   Uses
      At line 109 in file ..\startup_M2003J_isp.s
      At line 279 in file ..\startup_M2003J_isp.s

I2C2_IRQHandler 0000003E




ARM Macro Assembler    Page 6 Alphabetic symbol ordering
Relocatable symbols

Symbol: I2C2_IRQHandler
   Definitions
      At line 353 in file ..\startup_M2003J_isp.s
   Uses
      At line 152 in file ..\startup_M2003J_isp.s
      At line 300 in file ..\startup_M2003J_isp.s

IRC_IRQHandler 0000003E

Symbol: IRC_IRQHandler
   Definitions
      At line 304 in file ..\startup_M2003J_isp.s
   Uses
      At line 71 in file ..\startup_M2003J_isp.s
      At line 251 in file ..\startup_M2003J_isp.s

MemManage_Handler 00000030

Symbol: MemManage_Handler
   Definitions
      At line 214 in file ..\startup_M2003J_isp.s
   Uses
      At line 56 in file ..\startup_M2003J_isp.s
      At line 215 in file ..\startup_M2003J_isp.s

NMI_Handler 0000002C

Symbol: NMI_Handler
   Definitions
      At line 204 in file ..\startup_M2003J_isp.s
   Uses
      At line 54 in file ..\startup_M2003J_isp.s
      At line 205 in file ..\startup_M2003J_isp.s

PDMA_IRQHandler 0000003E

Symbol: PDMA_IRQHandler
   Definitions
      At line 333 in file ..\startup_M2003J_isp.s
   Uses
      At line 110 in file ..\startup_M2003J_isp.s
      At line 280 in file ..\startup_M2003J_isp.s

PWRWU_IRQHandler 0000003E

Symbol: PWRWU_IRQHandler
   Definitions
      At line 305 in file ..\startup_M2003J_isp.s
   Uses
      At line 72 in file ..\startup_M2003J_isp.s
      At line 252 in file ..\startup_M2003J_isp.s

PendSV_Handler 0000003A

Symbol: PendSV_Handler
   Definitions
      At line 238 in file ..\startup_M2003J_isp.s
   Uses
      At line 66 in file ..\startup_M2003J_isp.s



ARM Macro Assembler    Page 7 Alphabetic symbol ordering
Relocatable symbols

      At line 239 in file ..\startup_M2003J_isp.s

RTC_IRQHandler 0000003E

Symbol: RTC_IRQHandler
   Definitions
      At line 309 in file ..\startup_M2003J_isp.s
   Uses
      At line 76 in file ..\startup_M2003J_isp.s
      At line 256 in file ..\startup_M2003J_isp.s

Reset_Handler 00000000

Symbol: Reset_Handler
   Definitions
      At line 167 in file ..\startup_M2003J_isp.s
   Uses
      At line 53 in file ..\startup_M2003J_isp.s
      At line 168 in file ..\startup_M2003J_isp.s

SR0ECC_Handler 0000003E

Symbol: SR0ECC_Handler
   Definitions
      At line 306 in file ..\startup_M2003J_isp.s
   Uses
      At line 73 in file ..\startup_M2003J_isp.s
      At line 253 in file ..\startup_M2003J_isp.s

SR1ECC_Handler 0000003E

Symbol: SR1ECC_Handler
   Definitions
      At line 310 in file ..\startup_M2003J_isp.s
   Uses
      At line 77 in file ..\startup_M2003J_isp.s
      At line 257 in file ..\startup_M2003J_isp.s

SVC_Handler 00000036

Symbol: SVC_Handler
   Definitions
      At line 228 in file ..\startup_M2003J_isp.s
   Uses
      At line 63 in file ..\startup_M2003J_isp.s
      At line 229 in file ..\startup_M2003J_isp.s

SysTick_Handler 0000003C

Symbol: SysTick_Handler
   Definitions
      At line 243 in file ..\startup_M2003J_isp.s
   Uses
      At line 67 in file ..\startup_M2003J_isp.s
      At line 244 in file ..\startup_M2003J_isp.s

TMR0_IRQHandler 0000003E

Symbol: TMR0_IRQHandler



ARM Macro Assembler    Page 8 Alphabetic symbol ordering
Relocatable symbols

   Definitions
      At line 325 in file ..\startup_M2003J_isp.s
   Uses
      At line 102 in file ..\startup_M2003J_isp.s
      At line 272 in file ..\startup_M2003J_isp.s

TMR1_IRQHandler 0000003E

Symbol: TMR1_IRQHandler
   Definitions
      At line 326 in file ..\startup_M2003J_isp.s
   Uses
      At line 103 in file ..\startup_M2003J_isp.s
      At line 273 in file ..\startup_M2003J_isp.s

TMR2_IRQHandler 0000003E

Symbol: TMR2_IRQHandler
   Definitions
      At line 327 in file ..\startup_M2003J_isp.s
   Uses
      At line 104 in file ..\startup_M2003J_isp.s
      At line 274 in file ..\startup_M2003J_isp.s

TMR3_IRQHandler 0000003E

Symbol: TMR3_IRQHandler
   Definitions
      At line 328 in file ..\startup_M2003J_isp.s
   Uses
      At line 105 in file ..\startup_M2003J_isp.s
      At line 275 in file ..\startup_M2003J_isp.s

TMR4_IRQHandler 0000003E

Symbol: TMR4_IRQHandler
   Definitions
      At line 343 in file ..\startup_M2003J_isp.s
   Uses
      At line 134 in file ..\startup_M2003J_isp.s
      At line 290 in file ..\startup_M2003J_isp.s

TMR5_IRQHandler 0000003E

Symbol: TMR5_IRQHandler
   Definitions
      At line 344 in file ..\startup_M2003J_isp.s
   Uses
      At line 135 in file ..\startup_M2003J_isp.s
      At line 291 in file ..\startup_M2003J_isp.s

TMR6_IRQHandler 0000003E

Symbol: TMR6_IRQHandler
   Definitions
      At line 345 in file ..\startup_M2003J_isp.s
   Uses
      At line 136 in file ..\startup_M2003J_isp.s
      At line 292 in file ..\startup_M2003J_isp.s



ARM Macro Assembler    Page 9 Alphabetic symbol ordering
Relocatable symbols


TMR7_IRQHandler 0000003E

Symbol: TMR7_IRQHandler
   Definitions
      At line 346 in file ..\startup_M2003J_isp.s
   Uses
      At line 137 in file ..\startup_M2003J_isp.s
      At line 293 in file ..\startup_M2003J_isp.s

TMR8_IRQHandler 0000003E

Symbol: TMR8_IRQHandler
   Definitions
      At line 347 in file ..\startup_M2003J_isp.s
   Uses
      At line 138 in file ..\startup_M2003J_isp.s
      At line 294 in file ..\startup_M2003J_isp.s

UART0_IRQHandler 0000003E

Symbol: UART0_IRQHandler
   Definitions
      At line 329 in file ..\startup_M2003J_isp.s
   Uses
      At line 106 in file ..\startup_M2003J_isp.s
      At line 276 in file ..\startup_M2003J_isp.s

UART1_IRQHandler 0000003E

Symbol: UART1_IRQHandler
   Definitions
      At line 330 in file ..\startup_M2003J_isp.s
   Uses
      At line 107 in file ..\startup_M2003J_isp.s
      At line 277 in file ..\startup_M2003J_isp.s

UART2_IRQHandler 0000003E

Symbol: UART2_IRQHandler
   Definitions
      At line 336 in file ..\startup_M2003J_isp.s
   Uses
      At line 118 in file ..\startup_M2003J_isp.s
      At line 283 in file ..\startup_M2003J_isp.s

UART3_IRQHandler 0000003E

Symbol: UART3_IRQHandler
   Definitions
      At line 337 in file ..\startup_M2003J_isp.s
   Uses
      At line 119 in file ..\startup_M2003J_isp.s
      At line 284 in file ..\startup_M2003J_isp.s

UART4_IRQHandler 0000003E

Symbol: UART4_IRQHandler
   Definitions



ARM Macro Assembler    Page 10 Alphabetic symbol ordering
Relocatable symbols

      At line 349 in file ..\startup_M2003J_isp.s
   Uses
      At line 144 in file ..\startup_M2003J_isp.s
      At line 296 in file ..\startup_M2003J_isp.s

USCI0_IRQHandler 0000003E

Symbol: USCI0_IRQHandler
   Definitions
      At line 338 in file ..\startup_M2003J_isp.s
   Uses
      At line 122 in file ..\startup_M2003J_isp.s
      At line 285 in file ..\startup_M2003J_isp.s

USCI1_IRQHandler 0000003E

Symbol: USCI1_IRQHandler
   Definitions
      At line 339 in file ..\startup_M2003J_isp.s
   Uses
      At line 123 in file ..\startup_M2003J_isp.s
      At line 286 in file ..\startup_M2003J_isp.s

USCI2_IRQHandler 0000003E

Symbol: USCI2_IRQHandler
   Definitions
      At line 340 in file ..\startup_M2003J_isp.s
   Uses
      At line 131 in file ..\startup_M2003J_isp.s
      At line 287 in file ..\startup_M2003J_isp.s

USCI3_IRQHandler 0000003E

Symbol: USCI3_IRQHandler
   Definitions
      At line 341 in file ..\startup_M2003J_isp.s
   Uses
      At line 132 in file ..\startup_M2003J_isp.s
      At line 288 in file ..\startup_M2003J_isp.s

USCI4_IRQHandler 0000003E

Symbol: USCI4_IRQHandler
   Definitions
      At line 342 in file ..\startup_M2003J_isp.s
   Uses
      At line 133 in file ..\startup_M2003J_isp.s
      At line 289 in file ..\startup_M2003J_isp.s

UsageFault_Handler 00000034

Symbol: UsageFault_Handler
   Definitions
      At line 224 in file ..\startup_M2003J_isp.s
   Uses
      At line 58 in file ..\startup_M2003J_isp.s
      At line 225 in file ..\startup_M2003J_isp.s




ARM Macro Assembler    Page 11 Alphabetic symbol ordering
Relocatable symbols

WDT_IRQHandler 0000003E

Symbol: WDT_IRQHandler
   Definitions
      At line 311 in file ..\startup_M2003J_isp.s
   Uses
      At line 78 in file ..\startup_M2003J_isp.s
      At line 258 in file ..\startup_M2003J_isp.s

WWDT_IRQHandler 0000003E

Symbol: WWDT_IRQHandler
   Definitions
      At line 312 in file ..\startup_M2003J_isp.s
   Uses
      At line 79 in file ..\startup_M2003J_isp.s
      At line 259 in file ..\startup_M2003J_isp.s

64 symbols



ARM Macro Assembler    Page 1 Alphabetic symbol ordering
Absolute symbols

Heap_Size 00000100

Symbol: Heap_Size
   Definitions
      At line 32 in file ..\startup_M2003J_isp.s
   Uses
      At line 37 in file ..\startup_M2003J_isp.s
Comment: Heap_Size used once
Stack_Size 00000400

Symbol: Stack_Size
   Definitions
      At line 19 in file ..\startup_M2003J_isp.s
   Uses
      At line 23 in file ..\startup_M2003J_isp.s
Comment: Stack_Size used once
__Vectors_Size 0000019C

Symbol: __Vectors_Size
   Definitions
      At line 160 in file ..\startup_M2003J_isp.s
   Uses
      At line 50 in file ..\startup_M2003J_isp.s
Comment: __Vectors_Size used once
3 symbols



ARM Macro Assembler    Page 1 Alphabetic symbol ordering
External symbols

SystemInit 00000000

Symbol: SystemInit
   Definitions
      At line 169 in file ..\startup_M2003J_isp.s
   Uses
      At line 194 in file ..\startup_M2003J_isp.s
Comment: SystemInit used once
__main 00000000

Symbol: __main
   Definitions
      At line 170 in file ..\startup_M2003J_isp.s
   Uses
      At line 196 in file ..\startup_M2003J_isp.s
Comment: __main used once
2 symbols
415 symbols in table
